2025-08-20T12:48:24.922+09:00  INFO 2268 --- [k5_iot_springboot] [main] c.e.k.K5IotSpringbootApplication         : Starting K5IotSpringbootApplication using Java 17.0.12 with PID 2268 (C:\_정은혜\k5_iot_springboot\build\classes\java\main started by user in C:\_정은혜\k5_iot_springboot)
2025-08-20T12:48:24.926+09:00  INFO 2268 --- [k5_iot_springboot] [main] c.e.k.K5IotSpringbootApplication         : No active profile set, falling back to 1 default profile: "default"
2025-08-20T12:48:25.702+09:00  INFO 2268 --- [k5_iot_springboot] [main] .s.d.r.c.RepositoryConfigurationDelegate : Bootstrapping Spring Data JPA repositories in DEFAULT mode.
2025-08-20T12:48:25.764+09:00  INFO 2268 --- [k5_iot_springboot] [main] .s.d.r.c.RepositoryConfigurationDelegate : Finished Spring Data repository scanning in 54 ms. Found 5 JPA repository interfaces.
2025-08-20T12:48:26.268+09:00  INFO 2268 --- [k5_iot_springboot] [main] o.s.b.w.embedded.tomcat.TomcatWebServer  : Tomcat initialized with port 8080 (http)
2025-08-20T12:48:26.296+09:00  INFO 2268 --- [k5_iot_springboot] [main] o.apache.catalina.core.StandardService   : Starting service [Tomcat]
2025-08-20T12:48:26.297+09:00  INFO 2268 --- [k5_iot_springboot] [main] o.apache.catalina.core.StandardEngine    : Starting Servlet engine: [Apache Tomcat/10.1.43]
2025-08-20T12:48:26.364+09:00  INFO 2268 --- [k5_iot_springboot] [main] o.a.c.c.C.[Tomcat].[localhost].[/]       : Initializing Spring embedded WebApplicationContext
2025-08-20T12:48:26.365+09:00  INFO 2268 --- [k5_iot_springboot] [main] w.s.c.ServletWebServerApplicationContext : Root WebApplicationContext: initialization completed in 1290 ms
2025-08-20T12:48:26.597+09:00  INFO 2268 --- [k5_iot_springboot] [main] o.hibernate.jpa.internal.util.LogHelper  : HHH000204: Processing PersistenceUnitInfo [name: default]
2025-08-20T12:48:26.676+09:00  INFO 2268 --- [k5_iot_springboot] [main] org.hibernate.Version                    : HHH000412: Hibernate ORM core version 6.6.22.Final
2025-08-20T12:48:26.715+09:00  INFO 2268 --- [k5_iot_springboot] [main] o.h.c.internal.RegionFactoryInitiator    : HHH000026: Second-level cache disabled
2025-08-20T12:48:27.061+09:00  INFO 2268 --- [k5_iot_springboot] [main] o.s.o.j.p.SpringPersistenceUnitInfo      : No LoadTimeWeaver setup: ignoring JPA class transformer
2025-08-20T12:48:27.102+09:00  INFO 2268 --- [k5_iot_springboot] [main] com.zaxxer.hikari.HikariDataSource       : HikariPool-1 - Starting...
2025-08-20T12:48:27.454+09:00  INFO 2268 --- [k5_iot_springboot] [main] com.zaxxer.hikari.pool.HikariPool        : HikariPool-1 - Added connection com.mysql.cj.jdbc.ConnectionImpl@64420e34
2025-08-20T12:48:27.455+09:00  INFO 2268 --- [k5_iot_springboot] [main] com.zaxxer.hikari.HikariDataSource       : HikariPool-1 - Start completed.
2025-08-20T12:48:27.538+09:00  INFO 2268 --- [k5_iot_springboot] [main] org.hibernate.orm.connections.pooling    : HHH10001005: Database info:
	Database JDBC URL [Connecting through datasource 'HikariDataSource (HikariPool-1)']
	Database driver: undefined/unknown
	Database version: 8.0.43
	Autocommit mode: undefined/unknown
	Isolation level: undefined/unknown
	Minimum pool size: undefined/unknown
	Maximum pool size: undefined/unknown
2025-08-20T12:48:28.914+09:00  INFO 2268 --- [k5_iot_springboot] [main] o.h.e.t.j.p.i.JtaPlatformInitiator       : HHH000489: No JTA platform available (set 'hibernate.transaction.jta.platform' to enable JTA platform integration)
2025-08-20T12:48:28.962+09:00  INFO 2268 --- [k5_iot_springboot] [main] j.LocalContainerEntityManagerFactoryBean : Initialized JPA EntityManagerFactory for persistence unit 'default'
2025-08-20T12:48:29.343+09:00  INFO 2268 --- [k5_iot_springboot] [main] o.s.d.j.r.query.QueryEnhancerFactory     : Hibernate is in classpath; If applicable, HQL parser will be used.
2025-08-20T12:48:29.694+09:00  WARN 2268 --- [k5_iot_springboot] [main] JpaBaseConfiguration$JpaWebConfiguration : spring.jpa.open-in-view is enabled by default. Therefore, database queries may be performed during view rendering. Explicitly configure spring.jpa.open-in-view to disable this warning
2025-08-20T12:48:29.949+09:00  INFO 2268 --- [k5_iot_springboot] [main] o.s.b.w.embedded.tomcat.TomcatWebServer  : Tomcat started on port 8080 (http) with context path '/'
2025-08-20T12:48:29.955+09:00  INFO 2268 --- [k5_iot_springboot] [main] c.e.k.K5IotSpringbootApplication         : Started K5IotSpringbootApplication in 5.627 seconds (process running for 6.172)
2025-08-20T12:49:06.658+09:00  INFO 2268 --- [k5_iot_springboot] [http-nio-8080-exec-2] o.a.c.c.C.[Tomcat].[localhost].[/]       : Initializing Spring DispatcherServlet 'dispatcherServlet'
2025-08-20T12:49:06.659+09:00  INFO 2268 --- [k5_iot_springboot] [http-nio-8080-exec-2] o.s.web.servlet.DispatcherServlet        : Initializing Servlet 'dispatcherServlet'
2025-08-20T12:49:06.659+09:00  INFO 2268 --- [k5_iot_springboot] [http-nio-8080-exec-2] o.s.web.servlet.DispatcherServlet        : Completed initialization in 0 ms
2025-08-20T12:49:06.766+09:00  WARN 2268 --- [k5_iot_springboot] [http-nio-8080-exec-2] c.e.k.handler.GlobalExceptionHandler     : Validation Failed: Validation failed for argument [0] in public org.springframework.http.ResponseEntity<com.example.k5_iot_springboot.dto.ResponseDto<com.example.k5_iot_springboot.dto.D_Post.response.PostDetailResponseDto>> com.example.k5_iot_springboot.controller.D_PostController.createPost(com.example.k5_iot_springboot.dto.D_Post.request.PostCreateRequestDto): [Field error in object 'postCreateRequestDto' on field 'author': rejected value [asdfasdfasdfasdfsdaf]; codes [Size.postCreateRequestDto.author,Size.author,Size.java.lang.String,Size]; arguments [org.springframework.context.support.DefaultMessageSourceResolvable: codes [postCreateRequestDto.author,author]; arguments []; default message [author],10,0]; default message [메시지는 최대 10자까지 입력 가능합니다.]] 
2025-08-20T12:51:59.632+09:00  WARN 2268 --- [k5_iot_springboot] [http-nio-8080-exec-4] c.e.k.handler.GlobalExceptionHandler     : Not Found: 해당 id 의 게시글을 찾을 수 없습니다.
2025-08-20T14:41:40.152+09:00  INFO 2268 --- [k5_iot_springboot] [SpringApplicationShutdownHook] o.s.b.w.e.tomcat.GracefulShutdown        : Commencing graceful shutdown. Waiting for active requests to complete
2025-08-20T14:41:40.176+09:00  INFO 2268 --- [k5_iot_springboot] [tomcat-shutdown] o.s.b.w.e.tomcat.GracefulShutdown        : Graceful shutdown complete
2025-08-20T14:41:40.179+09:00  INFO 2268 --- [k5_iot_springboot] [SpringApplicationShutdownHook] j.LocalContainerEntityManagerFactoryBean : Closing JPA EntityManagerFactory for persistence unit 'default'
2025-08-20T14:41:40.181+09:00  INFO 2268 --- [k5_iot_springboot] [SpringApplicationShutdownHook] com.zaxxer.hikari.HikariDataSource       : HikariPool-1 - Shutdown initiated...
2025-08-20T14:41:40.183+09:00  INFO 2268 --- [k5_iot_springboot] [SpringApplicationShutdownHook] com.zaxxer.hikari.HikariDataSource       : HikariPool-1 - Shutdown completed.
